04-Aug-19 13:10:18 - INFO -Admin Login
04-Aug-19 13:14:13 - INFO -Admin Login
04-Aug-19 13:14:32 - INFO -Admin Login
04-Aug-19 13:25:05 - INFO -Admin Login
04-Aug-19 13:25:35 - INFO -Admin Login
04-Aug-19 13:26:39 - INFO -Admin Login
04-Aug-19 13:44:25 - INFO -Admin Login
04-Aug-19 14:14:30 - INFO -Admin Login
04-Aug-19 14:19:12 - INFO -Admin Login
04-Aug-19 14:19:51 - INFO -Admin Login
04-Aug-19 15:00:51 - INFO -Admin Login
04-Aug-19 15:03:30 - INFO -Admin Login
04-Aug-19 15:29:19 - INFO -Admin Login
04-Aug-19 15:30:58 - INFO -Admin Login
04-Aug-19 15:31:25 - INFO -Admin Login
04-Aug-19 15:31:51 - INFO -Admin Login
04-Aug-19 15:32:30 - INFO -Admin Login
04-Aug-19 15:32:43 - INFO -Admin Login
04-Aug-19 15:33:32 - INFO -Admin Login
04-Aug-19 15:39:13 - INFO -Admin Login
04-Aug-19 15:39:26 - INFO -Admin Login
04-Aug-19 15:41:56 - INFO -Admin Login
04-Aug-19 15:42:44 - INFO -Admin Login
04-Aug-19 15:43:10 - INFO -Admin Login
04-Aug-19 15:44:14 - INFO -Admin Login
04-Aug-19 15:44:23 - INFO -Admin Login
04-Aug-19 15:45:03 - INFO -Admin Login
04-Aug-19 21:00:22 - INFO -Admin Login
04-Aug-19 21:01:03 - INFO -Admin Login
04-Aug-19 21:01:54 - INFO -Admin Login
04-Aug-19 21:05:26 - INFO -Admin Login
05-Aug-19 10:53:55 - INFO -Admin Login
05-Aug-19 10:54:33 - INFO -Admin Login
05-Aug-19 11:07:57 - INFO -Admin Login
05-Aug-19 11:22:35 - INFO -Admin Login
05-Aug-19 12:55:46 - INFO -Admin Login
05-Aug-19 13:16:10 - INFO -Admin Login
05-Aug-19 13:19:55 - INFO -Admin Login
05-Aug-19 13:24:02 - INFO -Isaac_Martienz removed from database
05-Aug-19 13:24:02 - WARNING -Could not remove directory. 
	Error:
	[Errno 2] No such file or directory: './Isaac_Martienz'
05-Aug-19 13:24:27 - INFO -Eli_Jackobsen added to application
