13-Aug-19 09:53:04 - INFO -Admin Login
13-Aug-19 09:59:43 - INFO -Admin Login
13-Aug-19 10:00:11 - INFO -Admin Login
13-Aug-19 10:00:35 - INFO -Admin Login
13-Aug-19 10:02:13 - INFO -Admin Login
13-Aug-19 10:08:47 - INFO -Admin Login
13-Aug-19 10:10:27 - INFO -Admin Login
13-Aug-19 10:14:41 - INFO -Admin Login
13-Aug-19 10:16:14 - INFO -Admin Login
13-Aug-19 10:17:07 - INFO -Admin Login
13-Aug-19 10:19:22 - INFO -Admin Login
13-Aug-19 10:21:15 - WARNING -Could not create directory. 
	Error:
	[Errno 17] File exists: 'Liam_Nestelroad'
13-Aug-19 10:29:04 - INFO -Admin Login
13-Aug-19 10:30:17 - INFO -Admin Login
13-Aug-19 10:34:33 - INFO -Admin Login
13-Aug-19 10:41:16 - INFO -Admin Login
13-Aug-19 10:42:03 - INFO -Admin Login
13-Aug-19 10:42:26 - INFO -Admin Login
13-Aug-19 10:43:14 - INFO -Admin Login
13-Aug-19 10:43:26 - INFO -Admin Login
13-Aug-19 10:45:18 - INFO -Admin Login
13-Aug-19 10:46:55 - INFO -Admin Login
13-Aug-19 10:47:14 - INFO -Admin Login
13-Aug-19 10:47:34 - INFO -Admin Login
13-Aug-19 10:49:23 - INFO -Admin Login
13-Aug-19 10:49:42 - INFO -Admin Login
13-Aug-19 11:17:16 - INFO -Admin Login
13-Aug-19 11:17:36 - INFO -Admin Login
13-Aug-19 11:18:02 - INFO -Admin Login
13-Aug-19 11:19:26 - INFO -Admin Login
13-Aug-19 11:21:11 - INFO -Admin Login
13-Aug-19 11:21:54 - INFO -Admin Login
13-Aug-19 11:33:45 - INFO -Admin Login
13-Aug-19 11:37:42 - INFO -Admin Login
13-Aug-19 11:38:49 - INFO -Admin Login
13-Aug-19 11:38:58 - INFO -Admin Login
13-Aug-19 11:39:39 - INFO -Admin Login
13-Aug-19 14:22:14 - INFO -Admin Login
13-Aug-19 14:31:44 - INFO -Admin Login
13-Aug-19 14:32:52 - INFO -Admin Login
13-Aug-19 14:35:30 - INFO -Admin Login
13-Aug-19 14:37:24 - INFO -Admin Login
13-Aug-19 14:39:01 - INFO -Admin Login
13-Aug-19 14:46:03 - INFO -Admin Login
13-Aug-19 14:46:31 - INFO -Admin Login
13-Aug-19 14:47:01 - INFO -Admin Login
13-Aug-19 14:47:35 - INFO -Admin Login
13-Aug-19 14:49:54 - INFO -Admin Login
13-Aug-19 14:51:32 - INFO -Admin Login
13-Aug-19 14:52:48 - INFO -Admin Login
13-Aug-19 15:04:21 - INFO -Admin Login
14-Aug-19 08:33:58 - INFO -Admin Login
14-Aug-19 08:34:23 - INFO -Admin Login
14-Aug-19 08:37:09 - INFO -Admin Login
14-Aug-19 08:38:53 - INFO -Admin Login
14-Aug-19 08:39:56 - INFO -Admin Login
14-Aug-19 08:42:00 - INFO -Admin Login
14-Aug-19 08:43:55 - INFO -Admin Login
14-Aug-19 11:17:01 - INFO -Admin Login
14-Aug-19 11:17:21 - INFO -Admin Login
14-Aug-19 11:22:47 - INFO -Admin Login
14-Aug-19 11:22:57 - INFO -Eli_Jackobsen removed from database
14-Aug-19 11:22:57 - WARNING -Could not remove directory. 
	Error:
	[Errno 2] No such file or directory: './Eli_Jackobsen'
14-Aug-19 11:24:39 - WARNING -No Camera Found
14-Aug-19 11:25:22 - INFO -Admin Login
14-Aug-19 11:26:45 - INFO -Admin Login
14-Aug-19 11:30:22 - INFO -Admin Login
14-Aug-19 13:21:08 - INFO -Admin Login
14-Aug-19 13:21:11 - INFO -Liam_Nestelroad removed from database
14-Aug-19 13:21:11 - WARNING -Could not remove directory. 
	Error:
	[Errno 39] Directory not empty: './Liam_Nestelroad'
14-Aug-19 13:28:10 - INFO -Admin Login
14-Aug-19 13:28:24 - INFO -Liam_Nestelroad added to application
14-Aug-19 13:28:30 - INFO -Liam_Nestelroad removed from database
14-Aug-19 13:29:05 - INFO -Eli_Jackobsen added to application
14-Aug-19 13:29:20 - WARNING -No Camera Found
14-Aug-19 13:31:55 - INFO -Eli_Jackobsen removed from database
14-Aug-19 13:42:51 - INFO -Admin Login
14-Aug-19 13:43:24 - INFO -Admin Login
14-Aug-19 13:44:57 - INFO -Admin Login
14-Aug-19 13:45:08 - INFO -Liam_Nestelroad added to application
14-Aug-19 13:45:48 - INFO -Liam_Nestelroad removed from database
14-Aug-19 13:49:17 - INFO -Admin Login
14-Aug-19 13:49:29 - INFO -Liam_Nestelroad added to application
14-Aug-19 13:50:04 - WARNING -No Camera Found
14-Aug-19 13:51:11 - INFO -Admin Login
14-Aug-19 13:51:17 - INFO -Liam_Nestelroad removed from database
14-Aug-19 13:53:02 - INFO -Admin Login
14-Aug-19 13:53:26 - INFO -Admin Login
14-Aug-19 13:53:46 - INFO -test_user added to application
14-Aug-19 13:53:51 - INFO -test_user removed from database
14-Aug-19 13:57:52 - INFO -Liam_Nestelroad added to application
14-Aug-19 15:44:05 - INFO -Liam_Nestelroad removed from database
14-Aug-19 15:45:31 - INFO -Admin Login
14-Aug-19 15:59:36 - INFO -Admin Login
14-Aug-19 15:59:59 - INFO -Liam_Nestelroad removed from database
14-Aug-19 16:00:04 - INFO -Isaac_Martienz removed from database
14-Aug-19 16:09:36 - INFO -Liam_Nestelroad added to application
14-Aug-19 16:09:39 - INFO -Liam_Nestelroad removed from database
14-Aug-19 16:09:51 - INFO -Liam_Nestelroad added to application
14-Aug-19 16:11:00 - INFO -Admin Login
14-Aug-19 16:12:29 - INFO -Admin Login
14-Aug-19 16:12:45 - INFO -Liam_Nestelroad removed from database
14-Aug-19 16:13:35 - INFO -test_user added to application
14-Aug-19 16:15:20 - INFO -test_user removed from database
14-Aug-19 16:15:26 - INFO -Admin Login
14-Aug-19 16:19:38 - INFO -test_user added to application
14-Aug-19 16:20:15 - INFO -Admin Login
14-Aug-19 16:20:35 - INFO -Admin Login
14-Aug-19 16:21:25 - INFO -Admin Login
14-Aug-19 16:22:00 - INFO -Admin Login
14-Aug-19 16:22:22 - INFO -Liam_Nestelroad added to application
14-Aug-19 16:25:26 - INFO -Admin Login
14-Aug-19 16:25:45 - INFO -Admin Login
14-Aug-19 16:26:12 - INFO -Admin Login
14-Aug-19 16:29:30 - INFO -Admin Login
14-Aug-19 16:29:57 - INFO -Admin Login
14-Aug-19 16:31:30 - INFO -Admin Login
14-Aug-19 16:34:21 - INFO -Admin Login
14-Aug-19 16:34:23 - INFO -test_user removed from database
14-Aug-19 16:34:25 - INFO -Liam_Nestelroad removed from database
14-Aug-19 16:42:08 - INFO -Admin Login
14-Aug-19 16:42:18 - INFO -test_user added to application
14-Aug-19 16:43:59 - INFO -Admin Login
14-Aug-19 16:44:25 - INFO -Liam_Nestelroad added to application
14-Aug-19 16:47:26 - INFO -Admin Login
14-Aug-19 16:51:12 - INFO -Admin Login
14-Aug-19 16:52:07 - INFO -Admin Login
14-Aug-19 16:54:01 - INFO -Admin Login
14-Aug-19 16:54:36 - INFO -Liam_Liam added to application
14-Aug-19 16:54:44 - INFO -Liam_Nestelroad removed from database
14-Aug-19 16:56:10 - INFO -Liam_Liam added to application
14-Aug-19 16:56:10 - WARNING -Could not create directory. 
	Error:
	[Errno 17] File exists: 'Liam_Liam'
14-Aug-19 16:56:23 - INFO -Liam_Liam removed from database
14-Aug-19 16:56:46 - INFO -Liam_Liam added to application
15-Aug-19 09:00:44 - INFO -Admin Login
15-Aug-19 09:01:02 - INFO -Liam_Liam removed from database
15-Aug-19 09:05:20 - INFO -Admin Login
15-Aug-19 09:05:33 - INFO -test_user added to application
15-Aug-19 09:05:33 - WARNING -Could not create directory. 
	Error:
	[Errno 17] File exists: 'test_user'
15-Aug-19 09:05:59 - INFO -test_user removed from database
15-Aug-19 09:06:01 - INFO -test_user removed from database
15-Aug-19 09:06:06 - INFO -Admin Login
15-Aug-19 09:06:40 - INFO -Admin Login
15-Aug-19 09:06:49 - INFO -test_test added to application
15-Aug-19 09:06:58 - INFO -Admin Login
15-Aug-19 09:07:14 - INFO -test_test added to application
15-Aug-19 09:07:14 - WARNING -Could not create directory. 
	Error:
	[Errno 17] File exists: 'test_test'
15-Aug-19 09:08:31 - INFO -Liam_Nestelroad added to application
15-Aug-19 09:08:52 - INFO -Isaac_Martinez added to application
15-Aug-19 09:09:21 - INFO -Izzy_Quezada added to application
15-Aug-19 09:09:23 - INFO -test_test removed from database
15-Aug-19 09:09:25 - INFO -test_test removed from database
15-Aug-19 09:12:41 - INFO -Admin Login
15-Aug-19 09:12:54 - INFO -test_user added to application
15-Aug-19 09:13:46 - INFO -test_test added to application
15-Aug-19 09:15:10 - INFO -Admin Login
15-Aug-19 09:15:45 - INFO -Admin Login
15-Aug-19 09:17:04 - WARNING -Could not create directory. 
	Error:
	Duplicate Entry
15-Aug-19 09:17:32 - INFO -Admin Login
15-Aug-19 09:17:51 - WARNING -Could not create directory. 
	Error:
	Duplicate Entry
15-Aug-19 09:18:04 - INFO -test_test removed from database
15-Aug-19 09:18:04 - INFO -test_user removed from database
15-Aug-19 09:18:24 - WARNING -Could not create directory. 
	Error:
	Duplicate Entry
15-Aug-19 09:50:16 - INFO -Admin Login
15-Aug-19 09:50:30 - WARNING -Could not create directory. 
	Error:
	Duplicate Entry
15-Aug-19 09:52:50 - INFO -Admin Login
15-Aug-19 10:28:31 - INFO -Admin Login
15-Aug-19 10:44:20 - INFO -Admin Login
15-Aug-19 10:46:34 - INFO -Admin Login
15-Aug-19 10:56:51 - INFO -Admin Login
15-Aug-19 11:03:50 - INFO -Admin Login
15-Aug-19 11:19:00 - INFO -Admin Login
15-Aug-19 11:20:16 - INFO -Admin Login
15-Aug-19 11:21:36 - INFO -Admin Login
15-Aug-19 11:22:43 - INFO -Lia_Nestelroad removed from database
15-Aug-19 11:22:45 - INFO -Lia_Nestelroad removed from database
15-Aug-19 11:22:56 - INFO -Liam_Nestelroad added to application
15-Aug-19 11:22:56 - WARNING -Could not create directory. 
	Error:
	[Errno 17] File exists: 'Liam_Nestelroad'
15-Aug-19 11:37:11 - INFO -Admin Login
15-Aug-19 11:46:04 - INFO -Admin Login
15-Aug-19 11:54:12 - INFO -Admin Login
15-Aug-19 11:56:02 - INFO -eli_j added to application
15-Aug-19 13:28:12 - INFO -Admin Login
15-Aug-19 13:30:22 - INFO -Admin Login
15-Aug-19 13:30:51 - INFO -Admin Login
15-Aug-19 13:31:44 - INFO -Admin Login
15-Aug-19 13:35:26 - INFO -Admin Login
15-Aug-19 13:35:51 - INFO -Admin Login
15-Aug-19 13:36:36 - INFO -Izzy_Quezada removed from database
15-Aug-19 13:36:37 - INFO -Liam_Nestelroad removed from database
15-Aug-19 13:36:37 - INFO -Isaac_Martinez removed from database
15-Aug-19 13:36:37 - INFO -eli_j removed from database
15-Aug-19 13:36:56 - INFO -Admin Login
15-Aug-19 13:42:30 - INFO -Liam_Nestelroad removed from database
15-Aug-19 13:42:30 - INFO -Isaac_Martienz removed from database
15-Aug-19 13:42:43 - INFO -test_user added to application
15-Aug-19 13:43:11 - WARNING -No Camera Found
